2020-04-03 17:47:43.568  INFO 14660 --- [main] xyz.yyaos.demo.AppBootstrap              : Starting AppBootstrap on DESKTOP-SLIB99M with PID 14660 (C:\work\workspace\demo\out\production\classes started by wong in C:\work\workspace\demo)
2020-04-03 17:47:43.583  INFO 14660 --- [main] xyz.yyaos.demo.AppBootstrap              : No active profile set, falling back to default profiles: default
2020-04-03 17:47:45.732  INFO 14660 --- [main] o.s.b.w.embedded.tomcat.TomcatWebServer  : Tomcat initialized with port(s): 3573 (http)
2020-04-03 17:47:45.772  INFO 14660 --- [main] o.apache.catalina.core.StandardService   : Starting service [Tomcat]
2020-04-03 17:47:45.773  INFO 14660 --- [main] org.apache.catalina.core.StandardEngine  : Starting Servlet Engine: Apache Tomcat/9.0.13
2020-04-03 17:47:45.787  INFO 14660 --- [main] o.a.catalina.core.AprLifecycleListener   : The APR based Apache Tomcat Native library which allows optimal performance in production environments was not found on the java.library.path: [C:\work\dev\java_8\jdk1.8\bin;C:\Windows\Sun\Java\bin;C:\Windows\system32;C:\Windows;C:\work\dev\xshell\;C:\Program Files (x86)\Common Files\Oracle\Java\javapath;C:\Windows\system32;C:\Windows;C:\Windows\System32\Wbem;C:\Windows\System32\WindowsPowerShell\v1.0\;C:\Windows\System32\OpenSSH\;C:\work\dev\java_8\jdk1.8\bin;C:\work\dev\gradle-5.1\bin;C:\work\dev\Git\cmd;C:\App\mysql-5.7.29-winx64\bin;C:\App\redis;C:\Users\xuzha\AppData\Local\Microsoft\WindowsApps;;.]
2020-04-03 17:47:45.891  INFO 14660 --- [main] o.a.c.c.C.[Tomcat].[localhost].[/]       : Initializing Spring embedded WebApplicationContext
2020-04-03 17:47:45.891  INFO 14660 --- [main] o.s.web.context.ContextLoader            : Root WebApplicationContext: initialization completed in 2219 ms
2020-04-03 17:47:46.154  INFO 14660 --- [main] o.s.s.concurrent.ThreadPoolTaskExecutor  : Initializing ExecutorService 'applicationTaskExecutor'
2020-04-03 17:47:46.416  INFO 14660 --- [main] o.s.b.w.embedded.tomcat.TomcatWebServer  : Tomcat started on port(s): 3573 (http) with context path ''
2020-04-03 17:47:46.419  INFO 14660 --- [main] xyz.yyaos.demo.AppBootstrap              : Started AppBootstrap in 3.566 seconds (JVM running for 4.171)
2020-04-03 17:48:46.149  INFO 12116 --- [main] xyz.yyaos.demo.AppBootstrap              : Starting AppBootstrap on DESKTOP-SLIB99M with PID 12116 (C:\work\workspace\demo\out\production\classes started by wong in C:\work\workspace\demo)
2020-04-03 17:48:46.153  INFO 12116 --- [main] xyz.yyaos.demo.AppBootstrap              : No active profile set, falling back to default profiles: default
2020-04-03 17:48:48.147  INFO 12116 --- [main] o.s.b.w.embedded.tomcat.TomcatWebServer  : Tomcat initialized with port(s): 3573 (http)
2020-04-03 17:48:48.174  INFO 12116 --- [main] o.apache.catalina.core.StandardService   : Starting service [Tomcat]
2020-04-03 17:48:48.175  INFO 12116 --- [main] org.apache.catalina.core.StandardEngine  : Starting Servlet Engine: Apache Tomcat/9.0.13
2020-04-03 17:48:48.187  INFO 12116 --- [main] o.a.catalina.core.AprLifecycleListener   : The APR based Apache Tomcat Native library which allows optimal performance in production environments was not found on the java.library.path: [C:\work\dev\java_8\jdk1.8\bin;C:\Windows\Sun\Java\bin;C:\Windows\system32;C:\Windows;C:\work\dev\xshell\;C:\Program Files (x86)\Common Files\Oracle\Java\javapath;C:\Windows\system32;C:\Windows;C:\Windows\System32\Wbem;C:\Windows\System32\WindowsPowerShell\v1.0\;C:\Windows\System32\OpenSSH\;C:\work\dev\java_8\jdk1.8\bin;C:\work\dev\gradle-5.1\bin;C:\work\dev\Git\cmd;C:\App\mysql-5.7.29-winx64\bin;C:\App\redis;C:\Users\xuzha\AppData\Local\Microsoft\WindowsApps;;.]
2020-04-03 17:48:48.291  INFO 12116 --- [main] o.a.c.c.C.[Tomcat].[localhost].[/]       : Initializing Spring embedded WebApplicationContext
2020-04-03 17:48:48.291  INFO 12116 --- [main] o.s.web.context.ContextLoader            : Root WebApplicationContext: initialization completed in 2055 ms
2020-04-03 17:48:48.590  INFO 12116 --- [main] o.s.s.concurrent.ThreadPoolTaskExecutor  : Initializing ExecutorService 'applicationTaskExecutor'
2020-04-03 17:48:48.897  INFO 12116 --- [main] o.s.b.w.embedded.tomcat.TomcatWebServer  : Tomcat started on port(s): 3573 (http) with context path ''
2020-04-03 17:48:48.900  INFO 12116 --- [main] xyz.yyaos.demo.AppBootstrap              : Started AppBootstrap in 3.249 seconds (JVM running for 3.778)
2020-04-03 17:49:04.354  INFO 12116 --- [http-nio-3573-exec-2] o.a.c.c.C.[Tomcat].[localhost].[/]       : Initializing Spring DispatcherServlet 'dispatcherServlet'
2020-04-03 17:49:04.354  INFO 12116 --- [http-nio-3573-exec-2] o.s.web.servlet.DispatcherServlet        : Initializing Servlet 'dispatcherServlet'
2020-04-03 17:49:04.360  INFO 12116 --- [http-nio-3573-exec-2] o.s.web.servlet.DispatcherServlet        : Completed initialization in 6 ms
2020-04-03 17:49:04.388  INFO 12116 --- [http-nio-3573-exec-2] x.y.demo.controller.user.UserController  : test
2020-04-03 17:49:06.982  INFO 12116 --- [http-nio-3573-exec-1] x.y.demo.controller.user.UserController  : test
2020-04-03 17:49:50.037  INFO 12116 --- [http-nio-3573-exec-5] x.y.demo.controller.user.UserController  : test
